# JRE version: Java(TM) SE Runtime Environment (8.0_144-b01) (build 1.8.0_144-b01)
# Java VM: Java HotSpot(TM) 64-Bit Server VM (25.144-b01 mixed mode windows-amd64 compressed oops)
Heap:
 PSYoungGen      total 14336K, used 893K [0x00000000feb00000, 0x0000000100000000, 0x0000000100000000)
  eden space 7168K, 7% used [0x00000000feb00000,0x00000000feb8f580,0x00000000ff200000)
  from space 7168K, 4% used [0x00000000ff200000,0x00000000ff250000,0x00000000ff900000)
  to   space 7168K, 0% used [0x00000000ff900000,0x00000000ff900000,0x0000000100000000)
 ParOldGen       total 44032K, used 10029K [0x00000000fc000000, 0x00000000feb00000, 0x00000000feb00000)
  object space 44032K, 22% used [0x00000000fc000000,0x00000000fc9cb740,0x00000000feb00000)
 Metaspace       used 8235K, capacity 8462K, committed 8832K, reserved 1064960K
  class space    used 949K, capacity 1036K, committed 1152K, reserved 1048576K
GC Heap History (10 events):
Event: 5.816 GC heap before
{Heap before GC invocations=9 (full 0):
 PSYoungGen      total 14336K, used 7920K [0x00000000feb00000, 0x0000000100000000, 0x0000000100000000)
  eden space 7168K, 100% used [0x00000000feb00000,0x00000000ff200000,0x00000000ff200000)
  from space 7168K, 10% used [0x00000000ff900000,0x00000000ff9bc010,0x0000000100000000)
  to   space 7168K, 0% used [0x00000000ff200000,0x00000000ff200000,0x00000000ff900000)
 ParOldGen       total 44032K, used 9079K [0x00000000fc000000, 0x00000000feb00000, 0x00000000feb00000)
  object space 44032K, 20% used [0x00000000fc000000,0x00000000fc8ddef0,0x00000000feb00000)
 Metaspace       used 8205K, capacity 8462K, committed 8832K, reserved 1064960K
  class space    used 945K, capacity 1036K, committed 1152K, reserved 1048576K
Event: 6.118 GC heap after
Heap after GC invocations=9 (full 0):
 PSYoungGen      total 14336K, used 432K [0x00000000feb00000, 0x0000000100000000, 0x0000000100000000)
  eden space 7168K, 0% used [0x00000000feb00000,0x00000000feb00000,0x00000000ff200000)
  from space 7168K, 6% used [0x00000000ff200000,0x00000000ff26c010,0x00000000ff900000)
  to   space 7168K, 0% used [0x00000000ff900000,0x00000000ff900000,0x0000000100000000)
 ParOldGen       total 44032K, used 9463K [0x00000000fc000000, 0x00000000feb00000, 0x00000000feb00000)
  object space 44032K, 21% used [0x00000000fc000000,0x00000000fc93def0,0x00000000feb00000)
 Metaspace       used 8205K, capacity 8462K, committed 8832K, reserved 1064960K
  class space    used 945K, capacity 1036K, committed 1152K, reserved 1048576K
}
Event: 6.312 GC heap before
{Heap before GC invocations=10 (full 0):
 PSYoungGen      total 14336K, used 7600K [0x00000000feb00000, 0x0000000100000000, 0x0000000100000000)
  eden space 7168K, 100% used [0x00000000feb00000,0x00000000ff200000,0x00000000ff200000)
  from space 7168K, 6% used [0x00000000ff200000,0x00000000ff26c010,0x00000000ff900000)
  to   space 7168K, 0% used [0x00000000ff900000,0x00000000ff900000,0x0000000100000000)
 ParOldGen       total 44032K, used 9463K [0x00000000fc000000, 0x00000000feb00000, 0x00000000feb00000)
  object space 44032K, 21% used [0x00000000fc000000,0x00000000fc93def0,0x00000000feb00000)
 Metaspace       used 8206K, capacity 8462K, committed 8832K, reserved 1064960K
  class space    used 945K, capacity 1036K, committed 1152K, reserved 1048576K
Event: 6.630 GC heap after
Heap after GC invocations=10 (full 0):
 PSYoungGen      total 14336K, used 256K [0x00000000feb00000, 0x0000000100000000, 0x0000000100000000)
  eden space 7168K, 0% used [0x00000000feb00000,0x00000000feb00000,0x00000000ff200000)
  from space 7168K, 3% used [0x00000000ff900000,0x00000000ff940000,0x0000000100000000)
  to   space 7168K, 0% used [0x00000000ff200000,0x00000000ff200000,0x00000000ff900000)
 ParOldGen       total 44032K, used 9705K [0x00000000fc000000, 0x00000000feb00000, 0x00000000feb00000)
  object space 44032K, 22% used [0x00000000fc000000,0x00000000fc97a720,0x00000000feb00000)
 Metaspace       used 8206K, capacity 8462K, committed 8832K, reserved 1064960K
  class space    used 945K, capacity 1036K, committed 1152K, reserved 1048576K
}
Event: 6.776 GC heap before
{Heap before GC invocations=11 (full 0):
 PSYoungGen      total 14336K, used 7424K [0x00000000feb00000, 0x0000000100000000, 0x0000000100000000)
  eden space 7168K, 100% used [0x00000000feb00000,0x00000000ff200000,0x00000000ff200000)
  from space 7168K, 3% used [0x00000000ff900000,0x00000000ff940000,0x0000000100000000)
  to   space 7168K, 0% used [0x00000000ff200000,0x00000000ff200000,0x00000000ff900000)
 ParOldGen       total 44032K, used 9705K [0x00000000fc000000, 0x00000000feb00000, 0x00000000feb00000)
  object space 44032K, 22% used [0x00000000fc000000,0x00000000fc97a720,0x00000000feb00000)
 Metaspace       used 8208K, capacity 8462K, committed 8832K, reserved 1064960K
  class space    used 945K, capacity 1036K, committed 1152K, reserved 1048576K
Event: 6.837 GC heap after
Heap after GC invocations=11 (full 0):
 PSYoungGen      total 14336K, used 128K [0x00000000feb00000, 0x0000000100000000, 0x0000000100000000)
  eden space 7168K, 0% used [0x00000000feb00000,0x00000000feb00000,0x00000000ff200000)
  from space 7168K, 1% used [0x00000000ff200000,0x00000000ff220000,0x00000000ff900000)
  to   space 7168K, 0% used [0x00000000ff900000,0x00000000ff900000,0x0000000100000000)
 ParOldGen       total 44032K, used 9889K [0x00000000fc000000, 0x00000000feb00000, 0x00000000feb00000)
  object space 44032K, 22% used [0x00000000fc000000,0x00000000fc9a8730,0x00000000feb00000)
 Metaspace       used 8208K, capacity 8462K, committed 8832K, reserved 1064960K
  class space    used 945K, capacity 1036K, committed 1152K, reserved 1048576K
}
Event: 7.050 GC heap before
{Heap before GC invocations=12 (full 0):
 PSYoungGen      total 14336K, used 7296K [0x00000000feb00000, 0x0000000100000000, 0x0000000100000000)
  eden space 7168K, 100% used [0x00000000feb00000,0x00000000ff200000,0x00000000ff200000)
  from space 7168K, 1% used [0x00000000ff200000,0x00000000ff220000,0x00000000ff900000)
  to   space 7168K, 0% used [0x00000000ff900000,0x00000000ff900000,0x0000000100000000)
 ParOldGen       total 44032K, used 9889K [0x00000000fc000000, 0x00000000feb00000, 0x00000000feb00000)
  object space 44032K, 22% used [0x00000000fc000000,0x00000000fc9a8730,0x00000000feb00000)
 Metaspace       used 8208K, capacity 8462K, committed 8832K, reserved 1064960K
  class space    used 945K, capacity 1036K, committed 1152K, reserved 1048576K
Event: 7.100 GC heap after
Heap after GC invocations=12 (full 0):
 PSYoungGen      total 14336K, used 160K [0x00000000feb00000, 0x0000000100000000, 0x0000000100000000)
  eden space 7168K, 0% used [0x00000000feb00000,0x00000000feb00000,0x00000000ff200000)
  from space 7168K, 2% used [0x00000000ff900000,0x00000000ff928000,0x0000000100000000)
  to   space 7168K, 0% used [0x00000000ff200000,0x00000000ff200000,0x00000000ff900000)
 ParOldGen       total 44032K, used 9961K [0x00000000fc000000, 0x00000000feb00000, 0x00000000feb00000)
  object space 44032K, 22% used [0x00000000fc000000,0x00000000fc9ba730,0x00000000feb00000)
 Metaspace       used 8208K, capacity 8462K, committed 8832K, reserved 1064960K
  class space    used 945K, capacity 1036K, committed 1152K, reserved 1048576K
}
Event: 7.391 GC heap before
{Heap before GC invocations=13 (full 0):
 PSYoungGen      total 14336K, used 7328K [0x00000000feb00000, 0x0000000100000000, 0x0000000100000000)
  eden space 7168K, 100% used [0x00000000feb00000,0x00000000ff200000,0x00000000ff200000)
  from space 7168K, 2% used [0x00000000ff900000,0x00000000ff928000,0x0000000100000000)
  to   space 7168K, 0% used [0x00000000ff200000,0x00000000ff200000,0x00000000ff900000)
 ParOldGen       total 44032K, used 9961K [0x00000000fc000000, 0x00000000feb00000, 0x00000000feb00000)
  object space 44032K, 22% used [0x00000000fc000000,0x00000000fc9ba730,0x00000000feb00000)
 Metaspace       used 8235K, capacity 8462K, committed 8832K, reserved 1064960K
  class space    used 949K, capacity 1036K, committed 1152K, reserved 1048576K
Event: 7.611 GC heap after
Heap after GC invocations=13 (full 0):
 PSYoungGen      total 14336K, used 320K [0x00000000feb00000, 0x0000000100000000, 0x0000000100000000)
  eden space 7168K, 0% used [0x00000000feb00000,0x00000000feb00000,0x00000000ff200000)
  from space 7168K, 4% used [0x00000000ff200000,0x00000000ff250000,0x00000000ff900000)
  to   space 7168K, 0% used [0x00000000ff900000,0x00000000ff900000,0x0000000100000000)
 ParOldGen       total 44032K, used 10029K [0x00000000fc000000, 0x00000000feb00000, 0x00000000feb00000)
  object space 44032K, 22% used [0x00000000fc000000,0x00000000fc9cb740,0x00000000feb00000)
 Metaspace       used 8235K, capacity 8462K, committed 8832K, reserved 1064960K
  class space    used 949K, capacity 1036K, committed 1152K, reserved 1048576K
}

